[INFO ] 2023-05-06 17:54:53.476 [main] App - Employee ID: 1
Employee Name: James
Age: 35
Country: Poland
City: Warsaw
Salary: 2000.0
Department: Finance
Years of Experience: 7
[INFO ] 2023-05-06 17:54:53.527 [main] Finance - Employee ID: 1
Employee Name: James
Age: 35
Country: Poland
City: Warsaw
Salary: 2000.0
Department: Finance
Years of Experience: 7
[INFO ] 2023-05-06 17:54:53.528 [main] Finance - Employee ID: 2
Employee Name: Steve
Age: 25
Country: Poland
City: Warsaw
Salary: 2100.0
Department: Finance
Years of Experience: 7
[INFO ] 2023-05-06 17:54:53.529 [main] Finance - Employee ID: 3
Employee Name: Anna
Age: 34
Country: Poland
City: Warsaw
Salary: 2400.0
Department: Finance
Years of Experience: 7
[INFO ] 2023-05-06 17:59:07.518 [main] App - Employee ID: 1
Employee Name: James
Age: 35
Country: Poland
City: Warsaw
Salary: 2000.0
Department: Finance
Years of Experience: 7
[INFO ] 2023-05-06 17:59:07.526 [main] App - ============Client============
[INFO ] 2023-05-06 17:59:07.547 [main] App - Employee ID: 1
Employee Name: Mike
Age: 35
Country: Poland
City: Warsaw
Type: Client
Disciunt Category: Student
[INFO ] 2023-05-06 17:59:07.587 [main] Finance - Employee ID: 1
Employee Name: James
Age: 35
Country: Poland
City: Warsaw
Salary: 2000.0
Department: Finance
Years of Experience: 7
[INFO ] 2023-05-06 17:59:07.588 [main] Finance - Employee ID: 2
Employee Name: Steve
Age: 25
Country: Poland
City: Warsaw
Salary: 2100.0
Department: Finance
Years of Experience: 7
[INFO ] 2023-05-06 17:59:07.588 [main] Finance - Employee ID: 3
Employee Name: Anna
Age: 34
Country: Poland
City: Warsaw
Salary: 2400.0
Department: Finance
Years of Experience: 7
[INFO ] 2023-05-06 18:00:21.419 [main] App - Employee ID: 1
Employee Name: James
Age: 35
Country: Poland
City: Warsaw
Salary: 2000.0
Department: Finance
Years of Experience: 7
[INFO ] 2023-05-06 18:00:21.428 [main] App - ============Client============
[INFO ] 2023-05-06 18:00:21.438 [main] App - Client ID: 1
Client Name: Mike
Age: 35
Country: Poland
City: Warsaw
Type: Client
Discount Category: Student
[INFO ] 2023-05-06 18:00:21.473 [main] Finance - Employee ID: 1
Employee Name: James
Age: 35
Country: Poland
City: Warsaw
Salary: 2000.0
Department: Finance
Years of Experience: 7
[INFO ] 2023-05-06 18:00:21.474 [main] Finance - Employee ID: 2
Employee Name: Steve
Age: 25
Country: Poland
City: Warsaw
Salary: 2100.0
Department: Finance
Years of Experience: 7
[INFO ] 2023-05-06 18:00:21.474 [main] Finance - Employee ID: 3
Employee Name: Anna
Age: 34
Country: Poland
City: Warsaw
Salary: 2400.0
Department: Finance
Years of Experience: 7
[INFO ] 2023-05-06 18:03:25.205 [main] App - Employee ID: 1
Employee Name: James
Age: 35
Country: Poland
City: Warsaw
Salary: 2000.0
Department: Finance
Years of Experience: 7
[INFO ] 2023-05-06 18:03:25.214 [main] App - ============Client============
[INFO ] 2023-05-06 18:03:25.225 [main] App - Client ID: 1
Client Name: Mike
Age: 35
Country: Poland
City: Warsaw
Type: Client
Discount Category: Student
[INFO ] 2023-05-06 18:03:25.240 [main] App - Driver ID: 1
First Name: Mark
Last Name: Jones
Age: 26
Country: Poland
City: Warsaw
Type: Driver
[INFO ] 2023-05-06 18:03:25.270 [main] Finance - Employee ID: 1
Employee Name: James
Age: 35
Country: Poland
City: Warsaw
Salary: 2000.0
Department: Finance
Years of Experience: 7
[INFO ] 2023-05-06 18:03:25.271 [main] Finance - Employee ID: 2
Employee Name: Steve
Age: 25
Country: Poland
City: Warsaw
Salary: 2100.0
Department: Finance
Years of Experience: 7
[INFO ] 2023-05-06 18:03:25.271 [main] Finance - Employee ID: 3
Employee Name: Anna
Age: 34
Country: Poland
City: Warsaw
Salary: 2400.0
Department: Finance
Years of Experience: 7
[INFO ] 2023-05-06 20:58:41.276 [main] App - Employee ID: 1
Employee Name: James
Age: 35
Country: Poland
City: Warsaw
Salary: 2000.0
Department: Finance
Years of Experience: 7
[INFO ] 2023-05-06 20:58:41.286 [main] App - ============Client============
[INFO ] 2023-05-06 20:58:41.297 [main] App - Client ID: 1
Client Name: Mike
Age: 35
Country: Poland
City: Warsaw
Type: Client
Discount Category: Student
[INFO ] 2023-05-06 20:58:41.313 [main] App - Driver ID: 1
First Name: Mark
Last Name: Jones
Age: 26
Country: Poland
City: Warsaw
Type: Driver
[INFO ] 2023-05-06 20:58:41.325 [main] App - Vehicle ID: 1
Brand: Toyota
Model: Yaris
Age: 3
Color: Silver
Size: Compact
[INFO ] 2023-05-06 20:58:41.329 [main] App - Charge per Km: 12.5
[INFO ] 2023-05-06 20:58:41.353 [main] Finance - Employee ID: 1
Employee Name: James
Age: 35
Country: Poland
City: Warsaw
Salary: 2000.0
Department: Finance
Years of Experience: 7
[INFO ] 2023-05-06 20:58:41.353 [main] Finance - Employee ID: 2
Employee Name: Steve
Age: 25
Country: Poland
City: Warsaw
Salary: 2100.0
Department: Finance
Years of Experience: 7
[INFO ] 2023-05-06 20:58:41.354 [main] Finance - Employee ID: 3
Employee Name: Anna
Age: 34
Country: Poland
City: Warsaw
Salary: 2400.0
Department: Finance
Years of Experience: 7
[INFO ] 2023-05-06 21:04:34.684 [main] App - Employee ID: 1
Employee Name: James
Age: 35
Country: Poland
City: Warsaw
Salary: 2000.0
Department: Finance
Years of Experience: 7
[INFO ] 2023-05-06 21:04:34.694 [main] App - ============Client============
[INFO ] 2023-05-06 21:04:34.705 [main] App - Client ID: 1
Client Name: Mike
Age: 35
Country: Poland
City: Warsaw
Type: Client
Discount Category: Student
[INFO ] 2023-05-06 21:04:34.726 [main] App - Driver ID: 1
First Name: Mark
Last Name: Jones
Age: 26
Country: Poland
City: Warsaw
Type: Driver
[INFO ] 2023-05-06 21:04:34.743 [main] App - Vehicle ID: 1
Brand: Toyota
Model: Yaris
Age: 3
Color: Silver
Size: Compact
[INFO ] 2023-05-06 21:04:34.746 [main] App - Charge per Km: 12.5
[INFO ] 2023-05-06 21:04:34.780 [main] App - Trip ID: 1
Driver ID: 1
Client ID: 1
Brand: Toyota
Model: Yaris
Color: Silver
Age: 3
Size: Compact
Distance: 16.0
Driver Name: James
Client Name: Adam
[INFO ] 2023-05-06 21:04:34.781 [main] App - Charge Per KM: 12.5 PLN
[INFO ] 2023-05-06 21:04:34.783 [main] App - Discount Applied: 0.1
[INFO ] 2023-05-06 21:04:34.784 [main] App - Discount Amount: 20.0 PLN
[INFO ] 2023-05-06 21:04:34.785 [main] App - Discount Category: Student
[INFO ] 2023-05-06 21:04:34.785 [main] App - Total charge BEFORE discount: 200.0 PLN
[INFO ] 2023-05-06 21:04:34.786 [main] App - Total charge AFTER discount: 180.0 PLN
[INFO ] 2023-05-06 21:04:34.787 [main] App - Trip Rating: 5.0
[INFO ] 2023-05-06 21:04:34.797 [main] Finance - Employee ID: 1
Employee Name: James
Age: 35
Country: Poland
City: Warsaw
Salary: 2000.0
Department: Finance
Years of Experience: 7
[INFO ] 2023-05-06 21:04:34.797 [main] Finance - Employee ID: 2
Employee Name: Steve
Age: 25
Country: Poland
City: Warsaw
Salary: 2100.0
Department: Finance
Years of Experience: 7
[INFO ] 2023-05-06 21:04:34.798 [main] Finance - Employee ID: 3
Employee Name: Anna
Age: 34
Country: Poland
City: Warsaw
Salary: 2400.0
Department: Finance
Years of Experience: 7
